(THU.CST) os is loading ...

Special kernel symbols:
  entry  0xc0100030 (phys)
  etext  0xc011db21 (phys)
  edata  0xc0124e58 (phys)
  end    0xc0129014 (phys)
Kernel executable memory footprint: 164KB
ebp:0xc0123ef8 eip:0xc0100f36 args:0x00000000 0x00000000 0xc0123f98 0x00000000 
    <unknow>: -- 0xc0100f35 --
ebp:0xc0123f18 eip:0xc010125d args:0x00000000 0x00000000 0x00000000 0xc010033e 
    <unknow>: -- 0xc010125c --
ebp:0xc0123f58 eip:0xc0100151 args:0x00000000 0xc0123f80 0xffff0000 0xc0123f7c 
    <unknow>: -- 0xc0100150 --
ebp:0xc0123f88 eip:0xc0100193 args:0x00000000 0xffff0000 0x0000002a 0xffff0000 
    <unknow>: -- 0xc0100192 --
ebp:0xc0123fa8 eip:0xc01001ca args:0x00000000 0xc0100030 0xffff0000 0x00010074 
    <unknow>: -- 0xc01001c9 --
ebp:0xc0123fc8 eip:0xc0100101 args:0xc011db40 0xc011db24 0x000041bc 0x00000000 
    <unknow>: -- 0xc0100100 --
ebp:0xc0123ff8 eip:0xc0100090 args:0x00000000 0x00000000 0x0000ffff 0x40cf9a00 
    <unknow>: -- 0xc010008f --
ebp:0x00000000 eip:0xc0100028 args:0x00000000 0x00000000 0x00000000 0x00000000 
    <unknow>: -- 0xc0100027 --
ebp:0x00000000 eip:0x00000000 args:0x00000000 0x00000000 0x00000000 0x00000000 
    <unknow>: -- 0xffffffff --
ebp:0x00000000 eip:0x00000000 args:0x00000000 0x00000000 0x00000000 0x00000000 
    <unknow>: -- 0xffffffff --
ebp:0x00000000 eip:0x00000000 args:0x00000000 0x00000000 0x00000000 0x00000000 
    <unknow>: -- 0xffffffff --
ebp:0x00000000 eip:0x00000000 args:0x00000000 0x00000000 0x00000000 0x00000000 
    <unknow>: -- 0xffffffff --
ebp:0x00000000 eip:0x00000000 args:0x00000000 0x00000000 0x00000000 0x00000000 
    <unknow>: -- 0xffffffff --
ebp:0x00000000 eip:0x00000000 args:0x00000000 0x00000000 0x00000000 0x00000000 
    <unknow>: -- 0xffffffff --
ebp:0x00000000 eip:0x00000000 args:0x00000000 0x00000000 0x00000000 0x00000000 
    <unknow>: -- 0xffffffff --
ebp:0x00000000 eip:0x00000000 args:0x00000000 0x00000000 0x00000000 0x00000000 
    <unknow>: -- 0xffffffff --
ebp:0x00000000 eip:0x00000000 args:0x00000000 0x00000000 0x00000000 0x00000000 
    <unknow>: -- 0xffffffff --
ebp:0x00000000 eip:0x00000000 args:0x00000000 0x00000000 0x00000000 0x00000000 
    <unknow>: -- 0xffffffff --
ebp:0x00000000 eip:0x00000000 args:0x00000000 0x00000000 0x00000000 0x00000000 
    <unknow>: -- 0xffffffff --
ebp:0x00000000 eip:0x00000000 args:0x00000000 0x00000000 0x00000000 0x00000000 
    <unknow>: -- 0xffffffff --
memory management: default_pmm_manager
e820map:
  memory: 0009fc00, [00000000, 0009fbff], type = 1.
  memory: 00000400, [0009fc00, 0009ffff], type = 2.
  memory: 00010000, [000f0000, 000fffff], type = 2.
  memory: 07ee0000, [00100000, 07fdffff], type = 1.
  memory: 00020000, [07fe0000, 07ffffff], type = 2.
  memory: 00040000, [fffc0000, ffffffff], type = 2.
check_alloc_page() succeeded!
check_pgdir() succeeded!
check_boot_pgdir() succeeded!
-------------------- BEGIN --------------------
PDE(0e0) c0000000-f8000000 38000000 urw
  |-- PTE(38000) c0000000-f8000000 38000000 -rw
PDE(001) fac00000-fb000000 00400000 -rw
  |-- PTE(000e0) faf00000-fafe0000 000e0000 urw
  |-- PTE(00001) fafeb000-fafec000 00001000 -rw
--------------------- END ---------------------
use SLOB allocator
kmalloc_init() succeeded!
check_vma_struct() succeeded!
page fault at 0x00000100: K/W [no page found].
check_pgfault() succeeded!
check_vmm() succeeded.
sched class: stride_scheduler
ide 0:      10000(sectors), 'QEMU HARDDISK'.
ide 1:     262144(sectors), 'QEMU HARDDISK'.
ide 2:     262144(sectors), 'QEMU HARDDISK'.
SWAP: manager = fifo swap manager
BEGIN check_swap: count 1, total 31952
setup Page Table for vaddr 0X1000, so alloc a page
setup Page Table vaddr 0~4MB OVER!
set up init env for check_swap begin!
page fault at 0x00001000: K/W [no page found].
page fault at 0x00002000: K/W [no page found].
page fault at 0x00003000: K/W [no page found].
page fault at 0x00004000: K/W [no page found].
set up init env for check_swap over!
write Virt Page c in fifo_check_swap
write Virt Page a in fifo_check_swap
write Virt Page d in fifo_check_swap
write Virt Page b in fifo_check_swap
write Virt Page e in fifo_check_swap
page fault at 0x00005000: K/W [no page found].
swap_out: i 0, store page in vaddr 0x1000 to disk swap entry 2
write Virt Page b in fifo_check_swap
write Virt Page a in fifo_check_swap
page fault at 0x00001000: K/W [no page found].
swap_out: i 0, store page in vaddr 0x2000 to disk swap entry 3
swap_in: load disk swap entry 2 with swap_page in vadr 0x1000
write Virt Page b in fifo_check_swap
page fault at 0x00002000: K/W [no page found].
swap_out: i 0, store page in vaddr 0x3000 to disk swap entry 4
swap_in: load disk swap entry 3 with swap_page in vadr 0x2000
write Virt Page c in fifo_check_swap
page fault at 0x00003000: K/W [no page found].
swap_out: i 0, store page in vaddr 0x4000 to disk swap entry 5
swap_in: load disk swap entry 4 with swap_page in vadr 0x3000
write Virt Page d in fifo_check_swap
page fault at 0x00004000: K/W [no page found].
swap_out: i 0, store page in vaddr 0x5000 to disk swap entry 6
swap_in: load disk swap entry 5 with swap_page in vadr 0x4000
write Virt Page e in fifo_check_swap
page fault at 0x00005000: K/W [no page found].
swap_out: i 0, store page in vaddr 0x1000 to disk swap entry 2
swap_in: load disk swap entry 6 with swap_page in vadr 0x5000
write Virt Page a in fifo_check_swap
page fault at 0x00001000: K/R [no page found].
swap_out: i 0, store page in vaddr 0x2000 to disk swap entry 3
swap_in: load disk swap entry 2 with swap_page in vadr 0x1000
count is 0, total is 5
check_swap() succeeded!
sfs: mount: 'simple file system' (344/32424/32768)
vfs: mount disk0.
++ setup timer interrupts
I am No.4 philosopher_condvar
Iter 1, No.4 philosopher_condvar is thinking
I am No.3 philosopher_condvar
Iter 1, No.3 philosopher_condvar is thinking
I am No.2 philosopher_condvar
Iter 1, No.2 philosopher_condvar is thinking
I am No.1 philosopher_condvar
Iter 1, No.1 philosopher_condvar is thinking
I am No.0 philosopher_condvar
Iter 1, No.0 philosopher_condvar is thinking
I am No.4 philosopher_sema
Iter 1, No.4 philosopher_sema is thinking
I am No.3 philosopher_sema
Iter 1, No.3 philosopher_sema is thinking
I am No.2 philosopher_sema
Iter 1, No.2 philosopher_sema is thinking
I am No.1 philosopher_sema
Iter 1, No.1 philosopher_sema is thinking
I am No.0 philosopher_sema
Iter 1, No.0 philosopher_sema is thinking
kernel_execve: pid = 2, name = "pgdir".
I am 2, print pgdir.
-------------------- BEGIN --------------------
PDE(001) 00000000-00400000 00400000 urw
  |-- PTE(00001) 00200000-00201000 00001000 urw
PDE(001) 00800000-00c00000 00400000 urw
  |-- PTE(00003) 00800000-00803000 00003000 ur-
  |-- PTE(00001) 00803000-00804000 00001000 urw
PDE(001) afc00000-b0000000 00400000 urw
  |-- PTE(00004) afffc000-b0000000 00004000 urw
PDE(0e0) c0000000-f8000000 38000000 urw
  |-- PTE(38000) c0000000-f8000000 38000000 -rw
PDE(001) fac00000-fb000000 00400000 -rw
  |-- PTE(00001) fac00000-fac01000 00001000 urw
  |-- PTE(00001) fac02000-fac03000 00001000 urw
  |-- PTE(00001) faebf000-faec0000 00001000 urw
  |-- PTE(000e0) faf00000-fafe0000 000e0000 urw
  |-- PTE(00001) fafeb000-fafec000 00001000 -rw
--------------------- END ---------------------
pgdir pass.
Iter 1, No.0 philosopher_sema is eating
Iter 1, No.2 philosopher_sema is eating
phi_take_forks_condvar: state_condvar[0] will eating
Iter 1, No.0 philosopher_condvar is eating
phi_take_forks_condvar: wait self_cv[1] 
cond_wait begin:  cvp c030b9f4, cvp->count 0, cvp->owner->next_count 0
phi_take_forks_condvar: state_condvar[2] will eating
Iter 1, No.2 philosopher_condvar is eating
phi_take_forks_condvar: wait self_cv[3] 
cond_wait begin:  cvp c030ba1c, cvp->count 0, cvp->owner->next_count 0
phi_take_forks_condvar: wait self_cv[4] 
cond_wait begin:  cvp c030ba30, cvp->count 0, cvp->owner->next_count 0
phi_put_forks_condvar: state_condvar[2] will thinking
phi_test_condvar: state_condvar[3] will eating
phi_test_condvar: signal self_cv[3] 
cond_signal begin: cvp c030ba1c, cvp->count 1, cvp->owner->next_count 0
cond_wait end:  cvp c030ba1c, cvp->count 0, cvp->owner->next_count 1
Iter 1, No.3 philosopher_condvar is eating
Iter 2, No.2 philosopher_sema is thinking
Iter 1, No.3 philosopher_sema is eating
Iter 2, No.0 philosopher_sema is thinking
Iter 1, No.1 philosopher_sema is eating
cond_signal end: cvp c030ba1c, cvp->count 0, cvp->owner->next_count 0
Iter 2, No.2 philosopher_condvar is thinking
phi_put_forks_condvar: state_condvar[0] will thinking
phi_test_condvar: state_condvar[1] will eating
phi_test_condvar: signal self_cv[1] 
cond_signal begin: cvp c030b9f4, cvp->count 1, cvp->owner->next_count 0
cond_wait end:  cvp c030b9f4, cvp->count 0, cvp->owner->next_count 1
Iter 1, No.1 philosopher_condvar is eating
cond_signal end: cvp c030b9f4, cvp->count 0, cvp->owner->next_count 0
Iter 2, No.0 philosopher_condvar is thinking
phi_put_forks_condvar: state_condvar[1] will thinking
Iter 2, No.1 philosopher_condvar is thinking
Iter 2, No.1 philosopher_sema is thinking
Iter 2, No.0 philosopher_sema is eating
Iter 2, No.3 philosopher_sema is thinking
Iter 2, No.2 philosopher_sema is eating
phi_put_forks_condvar: state_condvar[3] will thinking
phi_test_condvar: state_condvar[4] will eating
phi_test_condvar: signal self_cv[4] 
cond_signal begin: cvp c030ba30, cvp->count 1, cvp->owner->next_count 0
cond_wait end:  cvp c030ba30, cvp->count 0, cvp->owner->next_count 1
Iter 1, No.4 philosopher_condvar is eating
cond_signal end: cvp c030ba30, cvp->count 0, cvp->owner->next_count 0
Iter 2, No.3 philosopher_condvar is thinking
phi_take_forks_condvar: state_condvar[2] will eating
Iter 2, No.2 philosopher_condvar is eating
phi_take_forks_condvar: wait self_cv[0] 
cond_wait begin:  cvp c030b9e0, cvp->count 0, cvp->owner->next_count 0
phi_put_forks_condvar: state_condvar[4] will thinking
phi_test_condvar: state_condvar[0] will eating
phi_test_condvar: signal self_cv[0] 
cond_signal begin: cvp c030b9e0, cvp->count 1, cvp->owner->next_count 0
Iter 3, No.2 philosopher_sema is thinking
Iter 2, No.3 philosopher_sema is eating
Iter 3, No.0 philosopher_sema is thinking
Iter 2, No.1 philosopher_sema is eating
cond_wait end:  cvp c030b9e0, cvp->count 0, cvp->owner->next_count 1
Iter 2, No.0 philosopher_condvar is eating
cond_signal end: cvp c030b9e0, cvp->count 0, cvp->owner->next_count 0
Iter 2, No.4 philosopher_condvar is thinking
phi_take_forks_condvar: wait self_cv[1] 
cond_wait begin:  cvp c030b9f4, cvp->count 0, cvp->owner->next_count 0
phi_put_forks_condvar: state_condvar[2] will thinking
Iter 3, No.2 philosopher_condvar is thinking
phi_take_forks_condvar: state_condvar[3] will eating
Iter 2, No.3 philosopher_condvar is eating
phi_take_forks_condvar: wait self_cv[4] 
cond_wait begin:  cvp c030ba30, cvp->count 0, cvp->owner->next_count 0
Iter 3, No.1 philosopher_sema is thinking
Iter 3, No.0 philosopher_sema is eating
Iter 3, No.3 philosopher_sema is thinking
Iter 3, No.2 philosopher_sema is eating
phi_put_forks_condvar: state_condvar[3] will thinking
Iter 3, No.3 philosopher_condvar is thinking
phi_take_forks_condvar: state_condvar[2] will eating
Iter 3, No.2 philosopher_condvar is eating
phi_put_forks_condvar: state_condvar[0] will thinking
phi_test_condvar: state_condvar[4] will eating
phi_test_condvar: signal self_cv[4] 
cond_signal begin: cvp c030ba30, cvp->count 1, cvp->owner->next_count 0
cond_wait end:  cvp c030ba30, cvp->count 0, cvp->owner->next_count 1
Iter 2, No.4 philosopher_condvar is eating
cond_signal end: cvp c030ba30, cvp->count 0, cvp->owner->next_count 0
Iter 3, No.0 philosopher_condvar is thinking
Iter 4, No.2 philosopher_sema is thinking
Iter 3, No.3 philosopher_sema is eating
Iter 4, No.0 philosopher_sema is thinking
Iter 3, No.1 philosopher_sema is eating
phi_put_forks_condvar: state_condvar[4] will thinking
Iter 3, No.4 philosopher_condvar is thinking
phi_put_forks_condvar: state_condvar[2] will thinking
phi_test_condvar: state_condvar[1] will eating
phi_test_condvar: signal self_cv[1] 
cond_signal begin: cvp c030b9f4, cvp->count 1, cvp->owner->next_count 0
cond_wait end:  cvp c030b9f4, cvp->count 0, cvp->owner->next_count 1
Iter 2, No.1 philosopher_condvar is eating
cond_signal end: cvp c030b9f4, cvp->count 0, cvp->owner->next_count 0
Iter 4, No.2 philosopher_condvar is thinking
phi_take_forks_condvar: state_condvar[3] will eating
Iter 3, No.3 philosopher_condvar is eating
phi_take_forks_condvar: wait self_cv[0] 
cond_wait begin:  cvp c030b9e0, cvp->count 0, cvp->owner->next_count 0
phi_put_forks_condvar: state_condvar[1] will thinking
phi_test_condvar: state_condvar[0] will eating
phi_test_condvar: signal self_cv[0] 
cond_signal begin: cvp c030b9e0, cvp->count 1, cvp->owner->next_count 0
Iter 4, No.1 philosopher_sema is thinking
Iter 4, No.0 philosopher_sema is eating
Iter 4, No.3 philosopher_sema is thinking
Iter 4, No.2 philosopher_sema is eating
cond_wait end:  cvp c030b9e0, cvp->count 0, cvp->owner->next_count 1
Iter 3, No.0 philosopher_condvar is eating
cond_signal end: cvp c030b9e0, cvp->count 0, cvp->owner->next_count 0
Iter 3, No.1 philosopher_condvar is thinking
phi_take_forks_condvar: wait self_cv[4] 
cond_wait begin:  cvp c030ba30, cvp->count 0, cvp->owner->next_count 0
phi_put_forks_condvar: state_condvar[3] will thinking
Iter 4, No.3 philosopher_condvar is thinking
phi_take_forks_condvar: state_condvar[2] will eating
Iter 4, No.2 philosopher_condvar is eating
No.2 philosopher_sema quit
Iter 4, No.3 philosopher_sema is eating
No.0 philosopher_sema quit
Iter 4, No.1 philosopher_sema is eating
phi_take_forks_condvar: wait self_cv[1] 
cond_wait begin:  cvp c030b9f4, cvp->count 0, cvp->owner->next_count 0
phi_take_forks_condvar: wait self_cv[3] 
cond_wait begin:  cvp c030ba1c, cvp->count 0, cvp->owner->next_count 0
phi_put_forks_condvar: state_condvar[0] will thinking
phi_test_condvar: state_condvar[4] will eating
phi_test_condvar: signal self_cv[4] 
cond_signal begin: cvp c030ba30, cvp->count 1, cvp->owner->next_count 0
cond_wait end:  cvp c030ba30, cvp->count 0, cvp->owner->next_count 1
Iter 3, No.4 philosopher_condvar is eating
cond_signal end: cvp c030ba30, cvp->count 0, cvp->owner->next_count 0
Iter 4, No.0 philosopher_condvar is thinking
phi_put_forks_condvar: state_condvar[2] will thinking
phi_test_condvar: state_condvar[1] will eating
phi_test_condvar: signal self_cv[1] 
cond_signal begin: cvp c030b9f4, cvp->count 1, cvp->owner->next_count 0
cond_wait end:  cvp c030b9f4, cvp->count 0, cvp->owner->next_count 1
Iter 3, No.1 philosopher_condvar is eating
cond_signal end: cvp c030b9f4, cvp->count 0, cvp->owner->next_count 0
No.2 philosopher_condvar quit
No.1 philosopher_sema quit
No.3 philosopher_sema quit
Iter 1, No.4 philosopher_sema is eating
phi_put_forks_condvar: state_condvar[1] will thinking
Iter 4, No.1 philosopher_condvar is thinking
phi_put_forks_condvar: state_condvar[4] will thinking
phi_test_condvar: state_condvar[3] will eating
phi_test_condvar: signal self_cv[3] 
cond_signal begin: cvp c030ba1c, cvp->count 1, cvp->owner->next_count 0
cond_wait end:  cvp c030ba1c, cvp->count 0, cvp->owner->next_count 1
Iter 4, No.3 philosopher_condvar is eating
cond_signal end: cvp c030ba1c, cvp->count 0, cvp->owner->next_count 0
Iter 4, No.4 philosopher_condvar is thinking
phi_take_forks_condvar: state_condvar[0] will eating
Iter 4, No.0 philosopher_condvar is eating
Iter 2, No.4 philosopher_sema is thinking
phi_take_forks_condvar: wait self_cv[1] 
cond_wait begin:  cvp c030b9f4, cvp->count 0, cvp->owner->next_count 0
phi_take_forks_condvar: wait self_cv[4] 
cond_wait begin:  cvp c030ba30, cvp->count 0, cvp->owner->next_count 0
phi_put_forks_condvar: state_condvar[3] will thinking
No.3 philosopher_condvar quit
phi_put_forks_condvar: state_condvar[0] will thinking
phi_test_condvar: state_condvar[4] will eating
phi_test_condvar: signal self_cv[4] 
cond_signal begin: cvp c030ba30, cvp->count 1, cvp->owner->next_count 0
cond_wait end:  cvp c030ba30, cvp->count 0, cvp->owner->next_count 1
Iter 4, No.4 philosopher_condvar is eating
cond_signal end: cvp c030ba30, cvp->count 0, cvp->owner->next_count 0
phi_test_condvar: state_condvar[1] will eating
phi_test_condvar: signal self_cv[1] 
cond_signal begin: cvp c030b9f4, cvp->count 1, cvp->owner->next_count 0
cond_wait end:  cvp c030b9f4, cvp->count 0, cvp->owner->next_count 1
Iter 4, No.1 philosopher_condvar is eating
cond_signal end: cvp c030b9f4, cvp->count 0, cvp->owner->next_count 0
No.0 philosopher_condvar quit
Iter 2, No.4 philosopher_sema is eating
phi_put_forks_condvar: state_condvar[1] will thinking
No.1 philosopher_condvar quit
phi_put_forks_condvar: state_condvar[4] will thinking
No.4 philosopher_condvar quit
Iter 3, No.4 philosopher_sema is thinking
Iter 3, No.4 philosopher_sema is eating
Iter 4, No.4 philosopher_sema is thinking
Iter 4, No.4 philosopher_sema is eating
No.4 philosopher_sema quit
sfs: cleanup: 'simple file system' (344/32424/32768)
all user-mode processes have quit.
init check memory pass.
kernel panic at kern/process/proc.c:527:
    initproc exit.

Welcome to the kernel debug monitor!!
Type 'help' for a list of commands.
K> 