(THU.CST) os is loading ...

Special kernel symbols:
  entry  0xc0100030 (phys)
  etext  0xc010e8d1 (phys)
  edata  0xc0113a38 (phys)
  end    0xc0116b20 (phys)
Kernel executable memory footprint: 91KB
ebp:0xc0112ef8 eip:0xc0100cd6 args:0xffffffff 0x0000000a 0x0000005b 0x00000000 
    <unknow>: -- 0xc0100cd5 --
ebp:0xc0112f18 eip:0xc0100ffd args:0x00000000 0x00000000 0x00000000 0xc0112f58 
    <unknow>: -- 0xc0100ffc --
ebp:0xc0112f58 eip:0xc0100151 args:0x00000000 0xc0112f80 0xffff0000 0xc0112f7c 
    <unknow>: -- 0xc0100150 --
ebp:0xc0112f88 eip:0xc0100193 args:0x00000000 0xffff0000 0x00000029 0xffff0000 
    <unknow>: -- 0xc0100192 --
ebp:0xc0112fa8 eip:0xc01001ca args:0x00000000 0xc0100030 0xffff0000 0x00010074 
    <unknow>: -- 0xc01001c9 --
ebp:0xc0112fc8 eip:0xc0100101 args:0xc010e8f0 0xc010e8d4 0x000030e8 0x00000000 
    <unknow>: -- 0xc0100100 --
ebp:0xc0112ff8 eip:0xc0100090 args:0x00000000 0x00000000 0x0000ffff 0x40cf9a00 
    <unknow>: -- 0xc010008f --
ebp:0x00000000 eip:0xc0100028 args:0x00000000 0x00000000 0x00000000 0x00000000 
    <unknow>: -- 0xc0100027 --
ebp:0x00000000 eip:0x00000000 args:0x00000000 0x00000000 0x00000000 0x00000000 
    <unknow>: -- 0xffffffff --
ebp:0x00000000 eip:0x00000000 args:0x00000000 0x00000000 0x00000000 0x00000000 
    <unknow>: -- 0xffffffff --
ebp:0x00000000 eip:0x00000000 args:0x00000000 0x00000000 0x00000000 0x00000000 
    <unknow>: -- 0xffffffff --
ebp:0x00000000 eip:0x00000000 args:0x00000000 0x00000000 0x00000000 0x00000000 
    <unknow>: -- 0xffffffff --
ebp:0x00000000 eip:0x00000000 args:0x00000000 0x00000000 0x00000000 0x00000000 
    <unknow>: -- 0xffffffff --
ebp:0x00000000 eip:0x00000000 args:0x00000000 0x00000000 0x00000000 0x00000000 
    <unknow>: -- 0xffffffff --
ebp:0x00000000 eip:0x00000000 args:0x00000000 0x00000000 0x00000000 0x00000000 
    <unknow>: -- 0xffffffff --
ebp:0x00000000 eip:0x00000000 args:0x00000000 0x00000000 0x00000000 0x00000000 
    <unknow>: -- 0xffffffff --
ebp:0x00000000 eip:0x00000000 args:0x00000000 0x00000000 0x00000000 0x00000000 
    <unknow>: -- 0xffffffff --
ebp:0x00000000 eip:0x00000000 args:0x00000000 0x00000000 0x00000000 0x00000000 
    <unknow>: -- 0xffffffff --
ebp:0x00000000 eip:0x00000000 args:0x00000000 0x00000000 0x00000000 0x00000000 
    <unknow>: -- 0xffffffff --
ebp:0x00000000 eip:0x00000000 args:0x00000000 0x00000000 0x00000000 0x00000000 
    <unknow>: -- 0xffffffff --
memory management: default_pmm_manager
e820map:
  memory: 0009fc00, [00000000, 0009fbff], type = 1.
  memory: 00000400, [0009fc00, 0009ffff], type = 2.
  memory: 00010000, [000f0000, 000fffff], type = 2.
  memory: 07ee0000, [00100000, 07fdffff], type = 1.
  memory: 00020000, [07fe0000, 07ffffff], type = 2.
  memory: 00040000, [fffc0000, ffffffff], type = 2.
check_alloc_page() succeeded!
check_pgdir() succeeded!
check_boot_pgdir() succeeded!
-------------------- BEGIN --------------------
PDE(0e0) c0000000-f8000000 38000000 urw
  |-- PTE(38000) c0000000-f8000000 38000000 -rw
PDE(001) fac00000-fb000000 00400000 -rw
  |-- PTE(000e0) faf00000-fafe0000 000e0000 urw
  |-- PTE(00001) fafeb000-fafec000 00001000 -rw
--------------------- END ---------------------
check_kmem() succeeded!
check_vma_struct() succeeded!
page fault at 0x00000100: K/W [no page found].
check_pgfault() succeeded!
check_vmm() succeeded.
Hello c02f9094 c01106d0
Hello c02f90fc c01106ef
ide 0:      10000(sectors), 'QEMU HARDDISK'.
ide 1:     262144(sectors), 'QEMU HARDDISK'.
SWAP: manager = fifo swap manager
BEGIN check_swap: count 1, total 31972
setup Page Table for vaddr 0X1000, so alloc a page
setup Page Table vaddr 0~4MB OVER!
set up init env for check_swap begin!
page fault at 0x00001000: K/W [no page found].
page fault at 0x00002000: K/W [no page found].
page fault at 0x00003000: K/W [no page found].
page fault at 0x00004000: K/W [no page found].
set up init env for check_swap over!
write Virt Page c in fifo_check_swap
write Virt Page a in fifo_check_swap
write Virt Page d in fifo_check_swap
write Virt Page b in fifo_check_swap
write Virt Page e in fifo_check_swap
page fault at 0x00005000: K/W [no page found].
swap_out: i 0, store page in vaddr 0x1000 to disk swap entry 2
write Virt Page b in fifo_check_swap
write Virt Page a in fifo_check_swap
page fault at 0x00001000: K/W [no page found].
swap_out: i 0, store page in vaddr 0x2000 to disk swap entry 3
swap_in: load disk swap entry 2 with swap_page in vadr 0x1000
write Virt Page b in fifo_check_swap
page fault at 0x00002000: K/W [no page found].
swap_out: i 0, store page in vaddr 0x3000 to disk swap entry 4
swap_in: load disk swap entry 3 with swap_page in vadr 0x2000
write Virt Page c in fifo_check_swap
page fault at 0x00003000: K/W [no page found].
swap_out: i 0, store page in vaddr 0x4000 to disk swap entry 5
swap_in: load disk swap entry 4 with swap_page in vadr 0x3000
write Virt Page d in fifo_check_swap
page fault at 0x00004000: K/W [no page found].
swap_out: i 0, store page in vaddr 0x5000 to disk swap entry 6
swap_in: load disk swap entry 5 with swap_page in vadr 0x4000
write Virt Page e in fifo_check_swap
page fault at 0x00005000: K/W [no page found].
swap_out: i 0, store page in vaddr 0x1000 to disk swap entry 2
swap_in: load disk swap entry 6 with swap_page in vadr 0x5000
write Virt Page a in fifo_check_swap
page fault at 0x00001000: K/R [no page found].
swap_out: i 0, store page in vaddr 0x2000 to disk swap entry 3
swap_in: load disk swap entry 2 with swap_page in vadr 0x1000
count is 0, total is 7
check_swap() succeeded!
++ setup timer interrupts
this initproc, pid = 1, name = "init"
To U: "Hello world!!".
To U: "en.., Bye, Bye. :)"
kernel panic at kern/process/proc.c:341:
    process exit!!.

Welcome to the kernel debug monitor!!
Type 'help' for a list of commands.
K> 